[Job 1] Starting issue #6 in /home/dhoenisch/code/Alertyx/.ralph-worktrees/1782598213-job1
Preparing worktree (new branch 'ralph/6--phase-1-set-up-github-actions')
HEAD is now at f47178e updated the readme
[0;36m[INFO][0m Loading issue #6...
[0;32m[SUCCESS][0m Created RALPH_TASK.md for issue #6

---
task: "Issue #6: [Phase 1] Set up GitHub Actions CI pipeline"
test_command: "go test -v ./..."
github_issue: 6
---

# Issue #6: [Phase 1] Set up GitHub Actions CI pipeline

**Labels:** phase-1-testing,priority-high,infrastructure

## Task Description

## Overview
Establish CI pipeline for automated testing on all PRs.

## Pipeline Stages
1. **Build** - `go build ./...`
2. **Unit Tests** - `go test ./...`
3. **Race Detector** - `go test -race ./...`
4. **Fuzz Tests** - Time-limited (30s per target)
5. **Coverage Report** - Upload to Codecov or similar
6. **Mutation Testing** - On PRs to main

## Workflow File
`.github/workflows/test.yml`

```yaml
name: Test
on: [push, pull_request]
jobs:
  test:
    runs-on: ubuntu-latest
    steps:
      - uses: actions/checkout@v4
      - uses: actions/setup-go@v5
        with:
          go-version: '1.22'
      - run: go build ./...
      - run: go test -race -coverprofile=coverage.out ./...
      - uses: codecov/codecov-action@v4
```

## Acceptance Criteria
- [ ] CI runs on all PRs
- [ ] Build failures block merge
- [ ] Test failures block merge
- [ ] Coverage tracked over time
- [ ] Badge in README

## References
See ROADMAP.md Section 1.6

## Success Criteria

- [ ] CI runs on all PRs
- [ ] Build failures block merge
- [ ] Test failures block merge
- [ ] Coverage tracked over time
- [ ] Badge in README

## Notes

- Read AGENTS.md for coding standards
- Run `go test ./...` before committing
- Update .ralph/progress.md with your work
- When complete, the issue will be closed via PR



[0;36m[INFO][0m Suggested next steps:
  1. Review RALPH_TASK.md and adjust criteria if needed
  2. Run: .cursor/ralph-scripts/ralph-loop.sh --branch ralph/6--phase-1-set-up-github-actions-ci-pipeli


[0;36m[INFO][0m === Ralph Loop for Alertyx ===
Task file: RALPH_TASK.md
Model: composer-2.5-fast
Max iterations: 20
Remaining tasks: 10
Completed tasks: 0
0


[0;36m[INFO][0m === Iteration 1 / 20 ===
[0;36m[INFO][0m Remaining tasks: 10

Completed **criterion 1: CI runs on all PRs**.

### What was added

1. **`.github/workflows/test.yml`** — GitHub Actions workflow that triggers on `push` and `pull_request`, runs on `ubuntu-22.04`, installs BCC dependencies, then runs `go build ./...` and `go test ./...`.

2. **`ci/workflow_test.go`** — Unit tests that verify the workflow file exists and includes both `pull_request` and `push` triggers.

### Test results

- `go test ./ci/...` — passes
- `go test ./...` — fails locally due to a pre-existing gobpf/BCC API mismatch on kernel 7.x (not caused by this change). Docker on ubuntu-22.04 gets past gobpf but hits a separate compile error in `utils/mitigate.go` (`res.Ev.Print` should be `res.Ev.Print()`).

### Committed

```
ralph: CI runs on all PRs
```

Updated `RALPH_TASK.md` (first criterion checked) and `.ralph/progress.md`.

**Remaining criteria:** build failures block merge, test failures block merge, coverage tracked over time, badge in README.

[0;36m[INFO][0m === Iteration 2 / 20 ===
[0;36m[INFO][0m Remaining tasks: 8

Completed **criterion 2: Build failures block merge**.

### What changed

1. **`.github/workflows/test.yml`** — Split into separate `build` and `test` jobs. The `test` job has `needs: build`, so a failed build skips tests and fails the workflow.

2. **`ci/branch-protection.json`** — Documents required status check `Test / build` with strict up-to-date enforcement on `master`.

3. **`scripts/setup-branch-protection.sh`** — Applies branch protection via `gh api`.

4. **`ci/workflow_test.go`** — Added tests for:
   - Dedicated `build` job running `go build ./...`
   - No `continue-on-error` on build
   - `test` job depending on `build`
   - Branch protection config requiring `Test / build`

5. **GitHub** — Branch protection on `master` now requires the `Test / build` check.

### Test results

- `go test ./ci/...` — all 8 tests pass
- `go test ./...` — fails locally due to pre-existing gobpf/BCC API mismatch on kernel 7.x (unchanged)

### Committed

```
ralph: build failures block merge
```

Updated `RALPH_TASK.md` (build criterion checked) and `.ralph/progress.md`.

**Note:** The Ralph worktree was removed mid-session; the branch was restored from commit `8f248a9` and work continued on `ralph/6--phase-1-set-up-github-actions` in the main repo.

**Remaining criteria:** test failures block merge, coverage tracked over time, badge in README.
/home/dhoenisch/code/Alertyx/.ralph-worktrees/1782598213-job1/.cursor/ralph-scripts/ralph-loop.sh: line 177: .ralph/activity.log: No such file or directory
